0 info it worked if it ends with ok
1 verbose cli [ '/usr/local/bin/node',
1 verbose cli   '/usr/local/bin/npm',
1 verbose cli   'install',
1 verbose cli   '--save-dev',
1 verbose cli   'browser-sync' ]
2 info using npm@1.4.28
3 info using node@v0.10.33
4 verbose readDependencies using package.json deps
5 verbose cache add [ 'browser-sync@^1.7.2', null ]
6 verbose cache add name=undefined spec="browser-sync@^1.7.2" args=["browser-sync@^1.7.2",null]
7 verbose parsed url { protocol: null,
7 verbose parsed url   slashes: null,
7 verbose parsed url   auth: null,
7 verbose parsed url   host: null,
7 verbose parsed url   port: null,
7 verbose parsed url   hostname: null,
7 verbose parsed url   hash: null,
7 verbose parsed url   search: null,
7 verbose parsed url   query: null,
7 verbose parsed url   pathname: 'browser-sync@^1.7.2',
7 verbose parsed url   path: 'browser-sync@^1.7.2',
7 verbose parsed url   href: 'browser-sync@^1.7.2' }
8 verbose cache add name="browser-sync" spec="^1.7.2" args=["browser-sync","^1.7.2"]
9 verbose parsed url { protocol: null,
9 verbose parsed url   slashes: null,
9 verbose parsed url   auth: null,
9 verbose parsed url   host: null,
9 verbose parsed url   port: null,
9 verbose parsed url   hostname: null,
9 verbose parsed url   hash: null,
9 verbose parsed url   search: null,
9 verbose parsed url   query: null,
9 verbose parsed url   pathname: '^1.7.2',
9 verbose parsed url   path: '^1.7.2',
9 verbose parsed url   href: '^1.7.2' }
10 verbose addNamed [ 'browser-sync', '^1.7.2' ]
11 verbose addNamed [ null, '>=1.7.2-0 <2.0.0-0' ]
12 silly lockFile f81c7e2a-browser-sync-1-7-2 browser-sync@^1.7.2
13 verbose lock browser-sync@^1.7.2 /Users/Sulcalibur/.npm/f81c7e2a-browser-sync-1-7-2.lock
14 silly addNameRange { name: 'browser-sync',
14 silly addNameRange   range: '>=1.7.2-0 <2.0.0-0',
14 silly addNameRange   hasData: false }
15 verbose request where is /browser-sync
16 verbose request registry http://registry.npmjs.org/
17 verbose request id a6e80ac9dd5f3bb9
18 verbose url raw /browser-sync
19 verbose url resolving [ 'http://registry.npmjs.org/', './browser-sync' ]
20 verbose url resolved http://registry.npmjs.org/browser-sync
21 verbose request where is http://registry.npmjs.org/browser-sync
22 info trying registry request attempt 1 at 21:38:11
23 verbose etag "2S28QAK5YFSVMILONT28H9EUX"
24 http GET http://registry.npmjs.org/browser-sync
25 http 200 http://registry.npmjs.org/browser-sync
26 silly registry.get cb [ 200,
26 silly registry.get   { server: 'CouchDB/1.5.0 (Erlang OTP/R16B03)',
26 silly registry.get     etag: '"905X6W7H7M85LENYTNUWTOM1S"',
26 silly registry.get     'content-type': 'application/json',
26 silly registry.get     'cache-control': 'max-age=60',
26 silly registry.get     'content-length': '193765',
26 silly registry.get     'accept-ranges': 'bytes',
26 silly registry.get     date: 'Thu, 18 Dec 2014 21:38:12 GMT',
26 silly registry.get     via: '1.1 varnish',
26 silly registry.get     age: '0',
26 silly registry.get     connection: 'keep-alive',
26 silly registry.get     'x-served-by': 'cache-lhr6331-LHR',
26 silly registry.get     'x-cache': 'HIT',
26 silly registry.get     'x-cache-hits': '1',
26 silly registry.get     'x-timer': 'S1418938691.916320,VS0,VE320',
26 silly registry.get     vary: 'Accept' } ]
27 silly addNameRange number 2 { name: 'browser-sync',
27 silly addNameRange   range: '>=1.7.2-0 <2.0.0-0',
27 silly addNameRange   hasData: true }
28 silly addNameRange versions [ 'browser-sync',
28 silly addNameRange   [ '0.1.0',
28 silly addNameRange     '0.1.1',
28 silly addNameRange     '0.1.3',
28 silly addNameRange     '0.1.5',
28 silly addNameRange     '0.1.6',
28 silly addNameRange     '0.1.7',
28 silly addNameRange     '0.1.8',
28 silly addNameRange     '0.1.9',
28 silly addNameRange     '0.1.10',
28 silly addNameRange     '0.2.0',
28 silly addNameRange     '0.2.1',
28 silly addNameRange     '0.3.0',
28 silly addNameRange     '0.3.1',
28 silly addNameRange     '0.3.2',
28 silly addNameRange     '0.3.3',
28 silly addNameRange     '0.3.4',
28 silly addNameRange     '0.3.5',
28 silly addNameRange     '0.3.6',
28 silly addNameRange     '0.3.7',
28 silly addNameRange     '0.3.8',
28 silly addNameRange     '0.3.10',
28 silly addNameRange     '0.4.0',
28 silly addNameRange     '0.4.1',
28 silly addNameRange     '0.4.2',
28 silly addNameRange     '0.4.21',
28 silly addNameRange     '0.4.3',
28 silly addNameRange     '0.4.4',
28 silly addNameRange     '0.4.5',
28 silly addNameRange     '0.4.6',
28 silly addNameRange     '0.4.7',
28 silly addNameRange     '0.4.8',
28 silly addNameRange     '0.4.9',
28 silly addNameRange     '0.4.10',
28 silly addNameRange     '0.4.11',
28 silly addNameRange     '0.4.12',
28 silly addNameRange     '0.5.0',
28 silly addNameRange     '0.5.1',
28 silly addNameRange     '0.5.2',
28 silly addNameRange     '0.5.3',
28 silly addNameRange     '0.5.4',
28 silly addNameRange     '0.5.5',
28 silly addNameRange     '0.5.6',
28 silly addNameRange     '0.5.7',
28 silly addNameRange     '0.5.8',
28 silly addNameRange     '0.5.9',
28 silly addNameRange     '0.6.0',
28 silly addNameRange     '0.6.1',
28 silly addNameRange     '0.6.2',
28 silly addNameRange     '0.7.0',
28 silly addNameRange     '0.7.1',
28 silly addNameRange     '0.7.2',
28 silly addNameRange     '0.7.3',
28 silly addNameRange     '0.7.4',
28 silly addNameRange     '0.7.5',
28 silly addNameRange     '0.7.7',
28 silly addNameRange     '0.8.0',
28 silly addNameRange     '0.8.1',
28 silly addNameRange     '0.8.2',
28 silly addNameRange     '0.9.0',
28 silly addNameRange     '0.9.1',
28 silly addNameRange     '1.0.0',
28 silly addNameRange     '1.1.0',
28 silly addNameRange     '1.1.1',
28 silly addNameRange     '1.1.2',
28 silly addNameRange     '1.2.0',
28 silly addNameRange     '1.2.1',
28 silly addNameRange     '1.3.0',
28 silly addNameRange     '1.3.2',
28 silly addNameRange     '1.3.3',
28 silly addNameRange     '1.3.4',
28 silly addNameRange     '1.3.5',
28 silly addNameRange     '1.3.6',
28 silly addNameRange     '1.3.7',
28 silly addNameRange     '1.5.0',
28 silly addNameRange     '1.5.1',
28 silly addNameRange     '1.5.2',
28 silly addNameRange     '1.5.3',
28 silly addNameRange     '1.5.4',
28 silly addNameRange     '1.5.5',
28 silly addNameRange     '1.5.6',
28 silly addNameRange     '1.5.7',
28 silly addNameRange     '1.5.8',
28 silly addNameRange     '1.5.9',
28 silly addNameRange     '1.6.0',
28 silly addNameRange     '1.6.1',
28 silly addNameRange     '1.6.2',
28 silly addNameRange     '1.6.3',
28 silly addNameRange     '1.6.4',
28 silly addNameRange     '1.6.5',
28 silly addNameRange     '1.7.0',
28 silly addNameRange     '1.7.1',
28 silly addNameRange     '1.7.2',
28 silly addNameRange     '1.7.3',
28 silly addNameRange     '1.8.0' ] ]
29 verbose addNamed [ 'browser-sync', '1.8.0' ]
30 verbose addNamed [ '1.8.0', '1.8.0' ]
31 silly lockFile d42f7de8-browser-sync-1-8-0 browser-sync@1.8.0
32 verbose lock browser-sync@1.8.0 /Users/Sulcalibur/.npm/d42f7de8-browser-sync-1-8-0.lock
33 silly lockFile df87c156-wser-sync-browser-sync-1-8-0-tgz http://registry.npmjs.org/browser-sync/-/browser-sync-1.8.0.tgz
34 verbose lock http://registry.npmjs.org/browser-sync/-/browser-sync-1.8.0.tgz /Users/Sulcalibur/.npm/df87c156-wser-sync-browser-sync-1-8-0-tgz.lock
35 verbose addRemoteTarball [ 'http://registry.npmjs.org/browser-sync/-/browser-sync-1.8.0.tgz',
35 verbose addRemoteTarball   '94eee3477e2d18f8cf04d491968364b49a611b92' ]
36 info retry fetch attempt 1 at 21:38:12
37 verbose fetch to= /var/folders/lm/cwn3gy9s0qndv8vy8vzkg5_r0000gn/T/npm-4308-h_uGRoZo/registry.npmjs.org/browser-sync/-/browser-sync-1.8.0.tgz
38 http GET http://registry.npmjs.org/browser-sync/-/browser-sync-1.8.0.tgz
39 http 200 http://registry.npmjs.org/browser-sync/-/browser-sync-1.8.0.tgz
40 silly lockFile df87c156-wser-sync-browser-sync-1-8-0-tgz http://registry.npmjs.org/browser-sync/-/browser-sync-1.8.0.tgz
41 silly lockFile df87c156-wser-sync-browser-sync-1-8-0-tgz http://registry.npmjs.org/browser-sync/-/browser-sync-1.8.0.tgz
42 silly lockFile d42f7de8-browser-sync-1-8-0 browser-sync@1.8.0
43 silly lockFile d42f7de8-browser-sync-1-8-0 browser-sync@1.8.0
44 silly lockFile f81c7e2a-browser-sync-1-7-2 browser-sync@^1.7.2
45 silly lockFile f81c7e2a-browser-sync-1-7-2 browser-sync@^1.7.2
46 error Error: EACCES, mkdir '/Users/Sulcalibur/.npm/browser-sync/1.8.0'
46 error  { [Error: EACCES, mkdir '/Users/Sulcalibur/.npm/browser-sync/1.8.0']
46 error   errno: 3,
46 error   code: 'EACCES',
46 error   path: '/Users/Sulcalibur/.npm/browser-sync/1.8.0',
46 error   parent: 'freshi' }
47 error Please try running this command again as root/Administrator.
48 error System Darwin 14.0.0
49 error command "/usr/local/bin/node" "/usr/local/bin/npm" "install" "--save-dev" "browser-sync"
50 error cwd /Users/Sulcalibur/Sites/Freshi
51 error node -v v0.10.33
52 error npm -v 1.4.28
53 error path /Users/Sulcalibur/.npm/browser-sync/1.8.0
54 error code EACCES
55 error errno 3
56 error stack Error: EACCES, mkdir '/Users/Sulcalibur/.npm/browser-sync/1.8.0'
57 verbose exit [ 3, true ]
